{"C:\\Users\\kino6052\\Documents\\Repos\\mediawiki-test\\misc\\tdd-react-form\\src\\field01.service.ts": {"path":"C:\\Users\\kino6052\\Documents\\Repos\\mediawiki-test\\misc\\tdd-react-form\\src\\field01.service.ts","statementMap":{"0":{"start":{"line":6,"column":26},"end":{"line":6,"column":31}},"1":{"start":{"line":7,"column":27},"end":{"line":7,"column":39}},"2":{"start":{"line":11,"column":24},"end":{"line":11,"column":47}},"3":{"start":{"line":12,"column":24},"end":{"line":12,"column":47}},"4":{"start":{"line":13,"column":28},"end":{"line":13,"column":54}},"5":{"start":{"line":14,"column":29},"end":{"line":14,"column":55}},"6":{"start":{"line":17,"column":25},"end":{"line":22,"column":5}},"7":{"start":{"line":18,"column":4},"end":{"line":22,"column":5}},"8":{"start":{"line":19,"column":25},"end":{"line":19,"column":42}},"9":{"start":{"line":20,"column":23},"end":{"line":20,"column":24}},"10":{"start":{"line":21,"column":17},"end":{"line":21,"column":59}},"11":{"start":{"line":24,"column":24},"end":{"line":28,"column":5}},"12":{"start":{"line":25,"column":4},"end":{"line":28,"column":5}},"13":{"start":{"line":26,"column":25},"end":{"line":26,"column":42}},"14":{"start":{"line":27,"column":16},"end":{"line":27,"column":59}},"15":{"start":{"line":30,"column":24},"end":{"line":31,"column":73}},"16":{"start":{"line":31,"column":4},"end":{"line":31,"column":73}},"17":{"start":{"line":31,"column":53},"end":{"line":31,"column":71}},"18":{"start":{"line":34,"column":16},"end":{"line":39,"column":3}},"19":{"start":{"line":35,"column":4},"end":{"line":35,"column":48}},"20":{"start":{"line":36,"column":4},"end":{"line":36,"column":47}},"21":{"start":{"line":37,"column":4},"end":{"line":37,"column":47}},"22":{"start":{"line":38,"column":4},"end":{"line":38,"column":52}},"23":{"start":{"line":42,"column":20},"end":{"line":45,"column":3}},"24":{"start":{"line":43,"column":4},"end":{"line":43,"column":39}},"25":{"start":{"line":43,"column":12},"end":{"line":43,"column":39}},"26":{"start":{"line":44,"column":4},"end":{"line":44,"column":50}},"27":{"start":{"line":44,"column":23},"end":{"line":44,"column":50}},"28":{"start":{"line":47,"column":23},"end":{"line":54,"column":3}},"29":{"start":{"line":48,"column":14},"end":{"line":48,"column":34}},"30":{"start":{"line":49,"column":14},"end":{"line":49,"column":55}},"31":{"start":{"line":50,"column":18},"end":{"line":50,"column":46}},"32":{"start":{"line":51,"column":19},"end":{"line":51,"column":48}},"33":{"start":{"line":52,"column":18},"end":{"line":52,"column":62}},"34":{"start":{"line":53,"column":4},"end":{"line":53,"column":34}},"35":{"start":{"line":57,"column":29},"end":{"line":71,"column":5}},"36":{"start":{"line":58,"column":4},"end":{"line":71,"column":5}},"37":{"start":{"line":59,"column":16},"end":{"line":59,"column":60}},"38":{"start":{"line":61,"column":8},"end":{"line":69,"column":9}},"39":{"start":{"line":64,"column":12},"end":{"line":64,"column":58}},"40":{"start":{"line":65,"column":12},"end":{"line":67,"column":14}},"41":{"start":{"line":73,"column":25},"end":{"line":87,"column":5}},"42":{"start":{"line":74,"column":4},"end":{"line":87,"column":5}},"43":{"start":{"line":80,"column":54},"end":{"line":86,"column":7}},"44":{"start":{"line":90,"column":0},"end":{"line":92,"column":3}},"45":{"start":{"line":91,"column":2},"end":{"line":91,"column":25}}},"fnMap":{"0":{"name":"(anonymous_0)","decl":{"start":{"line":17,"column":25},"end":{"line":17,"column":26}},"loc":{"start":{"line":18,"column":4},"end":{"line":22,"column":5}},"line":18},"1":{"name":"(anonymous_1)","decl":{"start":{"line":19,"column":13},"end":{"line":19,"column":14}},"loc":{"start":{"line":19,"column":25},"end":{"line":19,"column":42}},"line":19},"2":{"name":"(anonymous_2)","decl":{"start":{"line":20,"column":10},"end":{"line":20,"column":11}},"loc":{"start":{"line":20,"column":23},"end":{"line":20,"column":24}},"line":20},"3":{"name":"(anonymous_3)","decl":{"start":{"line":21,"column":10},"end":{"line":21,"column":11}},"loc":{"start":{"line":21,"column":17},"end":{"line":21,"column":59}},"line":21},"4":{"name":"(anonymous_4)","decl":{"start":{"line":24,"column":24},"end":{"line":24,"column":25}},"loc":{"start":{"line":25,"column":4},"end":{"line":28,"column":5}},"line":25},"5":{"name":"(anonymous_5)","decl":{"start":{"line":26,"column":13},"end":{"line":26,"column":14}},"loc":{"start":{"line":26,"column":25},"end":{"line":26,"column":42}},"line":26},"6":{"name":"(anonymous_6)","decl":{"start":{"line":27,"column":10},"end":{"line":27,"column":11}},"loc":{"start":{"line":27,"column":16},"end":{"line":27,"column":59}},"line":27},"7":{"name":"(anonymous_7)","decl":{"start":{"line":30,"column":24},"end":{"line":30,"column":25}},"loc":{"start":{"line":31,"column":4},"end":{"line":31,"column":73}},"line":31},"8":{"name":"(anonymous_8)","decl":{"start":{"line":31,"column":41},"end":{"line":31,"column":42}},"loc":{"start":{"line":31,"column":53},"end":{"line":31,"column":71}},"line":31},"9":{"name":"(anonymous_9)","decl":{"start":{"line":34,"column":16},"end":{"line":34,"column":17}},"loc":{"start":{"line":34,"column":22},"end":{"line":39,"column":3}},"line":34},"10":{"name":"(anonymous_10)","decl":{"start":{"line":42,"column":20},"end":{"line":42,"column":21}},"loc":{"start":{"line":42,"column":67},"end":{"line":45,"column":3}},"line":42},"11":{"name":"(anonymous_11)","decl":{"start":{"line":47,"column":23},"end":{"line":47,"column":24}},"loc":{"start":{"line":47,"column":43},"end":{"line":54,"column":3}},"line":47},"12":{"name":"(anonymous_12)","decl":{"start":{"line":57,"column":29},"end":{"line":57,"column":30}},"loc":{"start":{"line":58,"column":4},"end":{"line":71,"column":5}},"line":58},"13":{"name":"(anonymous_13)","decl":{"start":{"line":59,"column":10},"end":{"line":59,"column":11}},"loc":{"start":{"line":59,"column":16},"end":{"line":59,"column":60}},"line":59},"14":{"name":"(anonymous_14)","decl":{"start":{"line":60,"column":16},"end":{"line":60,"column":17}},"loc":{"start":{"line":61,"column":8},"end":{"line":69,"column":9}},"line":61},"15":{"name":"(anonymous_15)","decl":{"start":{"line":63,"column":14},"end":{"line":63,"column":15}},"loc":{"start":{"line":63,"column":25},"end":{"line":68,"column":11}},"line":63},"16":{"name":"(anonymous_16)","decl":{"start":{"line":73,"column":25},"end":{"line":73,"column":26}},"loc":{"start":{"line":74,"column":4},"end":{"line":87,"column":5}},"line":74},"17":{"name":"(anonymous_17)","decl":{"start":{"line":80,"column":10},"end":{"line":80,"column":11}},"loc":{"start":{"line":80,"column":54},"end":{"line":86,"column":7}},"line":80},"18":{"name":"(anonymous_18)","decl":{"start":{"line":90,"column":22},"end":{"line":90,"column":23}},"loc":{"start":{"line":90,"column":28},"end":{"line":92,"column":1}},"line":90}},"branchMap":{"0":{"loc":{"start":{"line":21,"column":51},"end":{"line":21,"column":58}},"type":"binary-expr","locations":[{"start":{"line":21,"column":51},"end":{"line":21,"column":52}},{"start":{"line":21,"column":56},"end":{"line":21,"column":58}}],"line":21},"1":{"loc":{"start":{"line":43,"column":4},"end":{"line":43,"column":39}},"type":"if","locations":[{"start":{"line":43,"column":4},"end":{"line":43,"column":39}},{"start":{"line":43,"column":4},"end":{"line":43,"column":39}}],"line":43},"2":{"loc":{"start":{"line":44,"column":4},"end":{"line":44,"column":50}},"type":"if","locations":[{"start":{"line":44,"column":4},"end":{"line":44,"column":50}},{"start":{"line":44,"column":4},"end":{"line":44,"column":50}}],"line":44},"3":{"loc":{"start":{"line":47,"column":24},"end":{"line":47,"column":38}},"type":"default-arg","locations":[{"start":{"line":47,"column":36},"end":{"line":47,"column":38}}],"line":47},"4":{"loc":{"start":{"line":50,"column":18},"end":{"line":50,"column":46}},"type":"binary-expr","locations":[{"start":{"line":50,"column":19},"end":{"line":50,"column":25}},{"start":{"line":50,"column":29},"end":{"line":50,"column":39}},{"start":{"line":50,"column":44},"end":{"line":50,"column":46}}],"line":50},"5":{"loc":{"start":{"line":51,"column":19},"end":{"line":51,"column":48}},"type":"binary-expr","locations":[{"start":{"line":51,"column":20},"end":{"line":51,"column":26}},{"start":{"line":51,"column":30},"end":{"line":51,"column":41}},{"start":{"line":51,"column":46},"end":{"line":51,"column":48}}],"line":51},"6":{"loc":{"start":{"line":52,"column":18},"end":{"line":52,"column":62}},"type":"binary-expr","locations":[{"start":{"line":52,"column":19},"end":{"line":52,"column":25}},{"start":{"line":52,"column":29},"end":{"line":52,"column":55}},{"start":{"line":52,"column":60},"end":{"line":52,"column":62}}],"line":52},"7":{"loc":{"start":{"line":66,"column":14},"end":{"line":66,"column":51}},"type":"binary-expr","locations":[{"start":{"line":66,"column":14},"end":{"line":66,"column":45}},{"start":{"line":66,"column":49},"end":{"line":66,"column":51}}],"line":66}},"s":{"0":2,"1":2,"2":2,"3":2,"4":2,"5":2,"6":2,"7":1,"8":1,"9":1,"10":1,"11":2,"12":1,"13":1,"14":1,"15":2,"16":1,"17":1,"18":2,"19":0,"20":0,"21":0,"22":0,"23":2,"24":1,"25":1,"26":0,"27":0,"28":2,"29":2,"30":2,"31":2,"32":2,"33":2,"34":2,"35":2,"36":1,"37":1,"38":1,"39":1,"40":1,"41":2,"42":1,"43":2,"44":2,"45":0},"f":{"0":1,"1":1,"2":1,"3":1,"4":1,"5":1,"6":1,"7":1,"8":1,"9":0,"10":1,"11":2,"12":1,"13":1,"14":1,"15":1,"16":1,"17":2,"18":0},"b":{"0":[1,0],"1":[1,0],"2":[0,0],"3":[0],"4":[2,0,2],"5":[2,0,2],"6":[2,0,2],"7":[1,0]},"_coverageSchema":"43e27e138ebf9cfc5966b082cf9a028302ed4184","hash":"4b3a1911452ebecca1adbb99019f39389d058e57"}
,"C:\\Users\\kino6052\\Documents\\Repos\\mediawiki-test\\misc\\tdd-react-form\\src\\field02.service.ts": {"path":"C:\\Users\\kino6052\\Documents\\Repos\\mediawiki-test\\misc\\tdd-react-form\\src\\field02.service.ts","statementMap":{"0":{"start":{"line":7,"column":26},"end":{"line":7,"column":31}},"1":{"start":{"line":8,"column":27},"end":{"line":8,"column":39}},"2":{"start":{"line":11,"column":24},"end":{"line":11,"column":47}},"3":{"start":{"line":12,"column":24},"end":{"line":12,"column":47}},"4":{"start":{"line":13,"column":28},"end":{"line":13,"column":54}},"5":{"start":{"line":14,"column":29},"end":{"line":14,"column":55}},"6":{"start":{"line":16,"column":25},"end":{"line":21,"column":5}},"7":{"start":{"line":17,"column":4},"end":{"line":21,"column":5}},"8":{"start":{"line":18,"column":25},"end":{"line":18,"column":42}},"9":{"start":{"line":19,"column":23},"end":{"line":19,"column":24}},"10":{"start":{"line":20,"column":17},"end":{"line":20,"column":59}},"11":{"start":{"line":23,"column":24},"end":{"line":27,"column":5}},"12":{"start":{"line":24,"column":4},"end":{"line":27,"column":5}},"13":{"start":{"line":25,"column":25},"end":{"line":25,"column":42}},"14":{"start":{"line":26,"column":16},"end":{"line":26,"column":59}},"15":{"start":{"line":29,"column":24},"end":{"line":30,"column":73}},"16":{"start":{"line":30,"column":4},"end":{"line":30,"column":73}},"17":{"start":{"line":30,"column":53},"end":{"line":30,"column":71}},"18":{"start":{"line":32,"column":20},"end":{"line":35,"column":3}},"19":{"start":{"line":33,"column":4},"end":{"line":33,"column":39}},"20":{"start":{"line":33,"column":12},"end":{"line":33,"column":39}},"21":{"start":{"line":34,"column":4},"end":{"line":34,"column":43}},"22":{"start":{"line":34,"column":11},"end":{"line":34,"column":43}},"23":{"start":{"line":37,"column":23},"end":{"line":44,"column":3}},"24":{"start":{"line":38,"column":14},"end":{"line":38,"column":34}},"25":{"start":{"line":39,"column":14},"end":{"line":39,"column":55}},"26":{"start":{"line":40,"column":18},"end":{"line":40,"column":46}},"27":{"start":{"line":41,"column":19},"end":{"line":41,"column":48}},"28":{"start":{"line":42,"column":18},"end":{"line":42,"column":62}},"29":{"start":{"line":43,"column":4},"end":{"line":43,"column":34}},"30":{"start":{"line":46,"column":29},"end":{"line":63,"column":5}},"31":{"start":{"line":47,"column":4},"end":{"line":63,"column":5}},"32":{"start":{"line":48,"column":16},"end":{"line":48,"column":60}},"33":{"start":{"line":50,"column":8},"end":{"line":61,"column":9}},"34":{"start":{"line":56,"column":12},"end":{"line":56,"column":58}},"35":{"start":{"line":57,"column":12},"end":{"line":59,"column":14}},"36":{"start":{"line":65,"column":16},"end":{"line":70,"column":3}},"37":{"start":{"line":66,"column":4},"end":{"line":66,"column":48}},"38":{"start":{"line":67,"column":4},"end":{"line":67,"column":47}},"39":{"start":{"line":68,"column":4},"end":{"line":68,"column":47}},"40":{"start":{"line":69,"column":4},"end":{"line":69,"column":52}},"41":{"start":{"line":72,"column":25},"end":{"line":86,"column":5}},"42":{"start":{"line":73,"column":4},"end":{"line":86,"column":5}},"43":{"start":{"line":79,"column":54},"end":{"line":85,"column":7}},"44":{"start":{"line":89,"column":0},"end":{"line":91,"column":3}},"45":{"start":{"line":90,"column":2},"end":{"line":90,"column":25}}},"fnMap":{"0":{"name":"(anonymous_0)","decl":{"start":{"line":16,"column":25},"end":{"line":16,"column":26}},"loc":{"start":{"line":17,"column":4},"end":{"line":21,"column":5}},"line":17},"1":{"name":"(anonymous_1)","decl":{"start":{"line":18,"column":13},"end":{"line":18,"column":14}},"loc":{"start":{"line":18,"column":25},"end":{"line":18,"column":42}},"line":18},"2":{"name":"(anonymous_2)","decl":{"start":{"line":19,"column":10},"end":{"line":19,"column":11}},"loc":{"start":{"line":19,"column":23},"end":{"line":19,"column":24}},"line":19},"3":{"name":"(anonymous_3)","decl":{"start":{"line":20,"column":10},"end":{"line":20,"column":11}},"loc":{"start":{"line":20,"column":17},"end":{"line":20,"column":59}},"line":20},"4":{"name":"(anonymous_4)","decl":{"start":{"line":23,"column":24},"end":{"line":23,"column":25}},"loc":{"start":{"line":24,"column":4},"end":{"line":27,"column":5}},"line":24},"5":{"name":"(anonymous_5)","decl":{"start":{"line":25,"column":13},"end":{"line":25,"column":14}},"loc":{"start":{"line":25,"column":25},"end":{"line":25,"column":42}},"line":25},"6":{"name":"(anonymous_6)","decl":{"start":{"line":26,"column":10},"end":{"line":26,"column":11}},"loc":{"start":{"line":26,"column":16},"end":{"line":26,"column":59}},"line":26},"7":{"name":"(anonymous_7)","decl":{"start":{"line":29,"column":24},"end":{"line":29,"column":25}},"loc":{"start":{"line":30,"column":4},"end":{"line":30,"column":73}},"line":30},"8":{"name":"(anonymous_8)","decl":{"start":{"line":30,"column":41},"end":{"line":30,"column":42}},"loc":{"start":{"line":30,"column":53},"end":{"line":30,"column":71}},"line":30},"9":{"name":"(anonymous_9)","decl":{"start":{"line":32,"column":20},"end":{"line":32,"column":21}},"loc":{"start":{"line":32,"column":66},"end":{"line":35,"column":3}},"line":32},"10":{"name":"(anonymous_10)","decl":{"start":{"line":37,"column":23},"end":{"line":37,"column":24}},"loc":{"start":{"line":37,"column":43},"end":{"line":44,"column":3}},"line":37},"11":{"name":"(anonymous_11)","decl":{"start":{"line":46,"column":29},"end":{"line":46,"column":30}},"loc":{"start":{"line":47,"column":4},"end":{"line":63,"column":5}},"line":47},"12":{"name":"(anonymous_12)","decl":{"start":{"line":48,"column":10},"end":{"line":48,"column":11}},"loc":{"start":{"line":48,"column":16},"end":{"line":48,"column":60}},"line":48},"13":{"name":"(anonymous_13)","decl":{"start":{"line":49,"column":16},"end":{"line":49,"column":17}},"loc":{"start":{"line":50,"column":8},"end":{"line":61,"column":9}},"line":50},"14":{"name":"(anonymous_14)","decl":{"start":{"line":55,"column":14},"end":{"line":55,"column":15}},"loc":{"start":{"line":55,"column":34},"end":{"line":60,"column":11}},"line":55},"15":{"name":"(anonymous_15)","decl":{"start":{"line":65,"column":16},"end":{"line":65,"column":17}},"loc":{"start":{"line":65,"column":22},"end":{"line":70,"column":3}},"line":65},"16":{"name":"(anonymous_16)","decl":{"start":{"line":72,"column":25},"end":{"line":72,"column":26}},"loc":{"start":{"line":73,"column":4},"end":{"line":86,"column":5}},"line":73},"17":{"name":"(anonymous_17)","decl":{"start":{"line":79,"column":10},"end":{"line":79,"column":11}},"loc":{"start":{"line":79,"column":54},"end":{"line":85,"column":7}},"line":79},"18":{"name":"(anonymous_18)","decl":{"start":{"line":89,"column":22},"end":{"line":89,"column":23}},"loc":{"start":{"line":89,"column":28},"end":{"line":91,"column":1}},"line":89}},"branchMap":{"0":{"loc":{"start":{"line":20,"column":51},"end":{"line":20,"column":58}},"type":"binary-expr","locations":[{"start":{"line":20,"column":51},"end":{"line":20,"column":52}},{"start":{"line":20,"column":56},"end":{"line":20,"column":58}}],"line":20},"1":{"loc":{"start":{"line":33,"column":4},"end":{"line":33,"column":39}},"type":"if","locations":[{"start":{"line":33,"column":4},"end":{"line":33,"column":39}},{"start":{"line":33,"column":4},"end":{"line":33,"column":39}}],"line":33},"2":{"loc":{"start":{"line":34,"column":4},"end":{"line":34,"column":43}},"type":"if","locations":[{"start":{"line":34,"column":4},"end":{"line":34,"column":43}},{"start":{"line":34,"column":4},"end":{"line":34,"column":43}}],"line":34},"3":{"loc":{"start":{"line":37,"column":24},"end":{"line":37,"column":38}},"type":"default-arg","locations":[{"start":{"line":37,"column":36},"end":{"line":37,"column":38}}],"line":37},"4":{"loc":{"start":{"line":40,"column":18},"end":{"line":40,"column":46}},"type":"binary-expr","locations":[{"start":{"line":40,"column":19},"end":{"line":40,"column":25}},{"start":{"line":40,"column":29},"end":{"line":40,"column":39}},{"start":{"line":40,"column":44},"end":{"line":40,"column":46}}],"line":40},"5":{"loc":{"start":{"line":41,"column":19},"end":{"line":41,"column":48}},"type":"binary-expr","locations":[{"start":{"line":41,"column":20},"end":{"line":41,"column":26}},{"start":{"line":41,"column":30},"end":{"line":41,"column":41}},{"start":{"line":41,"column":46},"end":{"line":41,"column":48}}],"line":41},"6":{"loc":{"start":{"line":42,"column":18},"end":{"line":42,"column":62}},"type":"binary-expr","locations":[{"start":{"line":42,"column":19},"end":{"line":42,"column":25}},{"start":{"line":42,"column":29},"end":{"line":42,"column":55}},{"start":{"line":42,"column":60},"end":{"line":42,"column":62}}],"line":42},"7":{"loc":{"start":{"line":58,"column":14},"end":{"line":58,"column":58}},"type":"binary-expr","locations":[{"start":{"line":58,"column":14},"end":{"line":58,"column":52}},{"start":{"line":58,"column":56},"end":{"line":58,"column":58}}],"line":58}},"s":{"0":1,"1":1,"2":1,"3":1,"4":1,"5":1,"6":1,"7":1,"8":1,"9":1,"10":1,"11":1,"12":1,"13":1,"14":1,"15":1,"16":1,"17":1,"18":1,"19":1,"20":1,"21":0,"22":0,"23":1,"24":0,"25":0,"26":0,"27":0,"28":0,"29":0,"30":1,"31":1,"32":1,"33":1,"34":1,"35":1,"36":1,"37":0,"38":0,"39":0,"40":0,"41":1,"42":1,"43":2,"44":1,"45":0},"f":{"0":1,"1":1,"2":1,"3":1,"4":1,"5":1,"6":1,"7":1,"8":1,"9":1,"10":0,"11":1,"12":1,"13":1,"14":1,"15":0,"16":1,"17":2,"18":0},"b":{"0":[1,0],"1":[1,0],"2":[0,0],"3":[0],"4":[0,0,0],"5":[0,0,0],"6":[0,0,0],"7":[1,0]},"_coverageSchema":"43e27e138ebf9cfc5966b082cf9a028302ed4184","hash":"1e92c1c6d9d62a32628805e9f74d77ff72e4ab87"}
,"C:\\Users\\kino6052\\Documents\\Repos\\mediawiki-test\\misc\\tdd-react-form\\src\\field03.service.ts": {"path":"C:\\Users\\kino6052\\Documents\\Repos\\mediawiki-test\\misc\\tdd-react-form\\src\\field03.service.ts","statementMap":{"0":{"start":{"line":7,"column":26},"end":{"line":7,"column":33}},"1":{"start":{"line":8,"column":27},"end":{"line":8,"column":41}},"2":{"start":{"line":11,"column":24},"end":{"line":11,"column":47}},"3":{"start":{"line":12,"column":24},"end":{"line":12,"column":47}},"4":{"start":{"line":13,"column":28},"end":{"line":13,"column":54}},"5":{"start":{"line":14,"column":29},"end":{"line":14,"column":55}},"6":{"start":{"line":16,"column":25},"end":{"line":21,"column":5}},"7":{"start":{"line":17,"column":4},"end":{"line":21,"column":5}},"8":{"start":{"line":18,"column":25},"end":{"line":18,"column":42}},"9":{"start":{"line":19,"column":23},"end":{"line":19,"column":24}},"10":{"start":{"line":20,"column":17},"end":{"line":20,"column":59}},"11":{"start":{"line":23,"column":24},"end":{"line":27,"column":5}},"12":{"start":{"line":24,"column":4},"end":{"line":27,"column":5}},"13":{"start":{"line":25,"column":25},"end":{"line":25,"column":42}},"14":{"start":{"line":26,"column":16},"end":{"line":26,"column":59}},"15":{"start":{"line":29,"column":24},"end":{"line":30,"column":73}},"16":{"start":{"line":30,"column":4},"end":{"line":30,"column":73}},"17":{"start":{"line":30,"column":53},"end":{"line":30,"column":71}},"18":{"start":{"line":32,"column":20},"end":{"line":35,"column":3}},"19":{"start":{"line":33,"column":4},"end":{"line":33,"column":42}},"20":{"start":{"line":33,"column":15},"end":{"line":33,"column":42}},"21":{"start":{"line":34,"column":4},"end":{"line":34,"column":69}},"22":{"start":{"line":34,"column":23},"end":{"line":34,"column":69}},"23":{"start":{"line":37,"column":23},"end":{"line":44,"column":3}},"24":{"start":{"line":38,"column":14},"end":{"line":38,"column":34}},"25":{"start":{"line":39,"column":14},"end":{"line":39,"column":55}},"26":{"start":{"line":40,"column":18},"end":{"line":40,"column":46}},"27":{"start":{"line":41,"column":19},"end":{"line":41,"column":48}},"28":{"start":{"line":42,"column":18},"end":{"line":42,"column":62}},"29":{"start":{"line":43,"column":4},"end":{"line":43,"column":34}},"30":{"start":{"line":46,"column":29},"end":{"line":63,"column":5}},"31":{"start":{"line":47,"column":4},"end":{"line":63,"column":5}},"32":{"start":{"line":48,"column":16},"end":{"line":48,"column":60}},"33":{"start":{"line":50,"column":8},"end":{"line":61,"column":9}},"34":{"start":{"line":56,"column":12},"end":{"line":56,"column":58}},"35":{"start":{"line":57,"column":12},"end":{"line":59,"column":14}},"36":{"start":{"line":65,"column":16},"end":{"line":70,"column":3}},"37":{"start":{"line":66,"column":4},"end":{"line":66,"column":48}},"38":{"start":{"line":67,"column":4},"end":{"line":67,"column":47}},"39":{"start":{"line":68,"column":4},"end":{"line":68,"column":47}},"40":{"start":{"line":69,"column":4},"end":{"line":69,"column":52}},"41":{"start":{"line":72,"column":25},"end":{"line":86,"column":5}},"42":{"start":{"line":73,"column":4},"end":{"line":86,"column":5}},"43":{"start":{"line":79,"column":54},"end":{"line":85,"column":7}},"44":{"start":{"line":89,"column":0},"end":{"line":91,"column":3}},"45":{"start":{"line":90,"column":2},"end":{"line":90,"column":25}}},"fnMap":{"0":{"name":"(anonymous_0)","decl":{"start":{"line":16,"column":25},"end":{"line":16,"column":26}},"loc":{"start":{"line":17,"column":4},"end":{"line":21,"column":5}},"line":17},"1":{"name":"(anonymous_1)","decl":{"start":{"line":18,"column":13},"end":{"line":18,"column":14}},"loc":{"start":{"line":18,"column":25},"end":{"line":18,"column":42}},"line":18},"2":{"name":"(anonymous_2)","decl":{"start":{"line":19,"column":10},"end":{"line":19,"column":11}},"loc":{"start":{"line":19,"column":23},"end":{"line":19,"column":24}},"line":19},"3":{"name":"(anonymous_3)","decl":{"start":{"line":20,"column":10},"end":{"line":20,"column":11}},"loc":{"start":{"line":20,"column":17},"end":{"line":20,"column":59}},"line":20},"4":{"name":"(anonymous_4)","decl":{"start":{"line":23,"column":24},"end":{"line":23,"column":25}},"loc":{"start":{"line":24,"column":4},"end":{"line":27,"column":5}},"line":24},"5":{"name":"(anonymous_5)","decl":{"start":{"line":25,"column":13},"end":{"line":25,"column":14}},"loc":{"start":{"line":25,"column":25},"end":{"line":25,"column":42}},"line":25},"6":{"name":"(anonymous_6)","decl":{"start":{"line":26,"column":10},"end":{"line":26,"column":11}},"loc":{"start":{"line":26,"column":16},"end":{"line":26,"column":59}},"line":26},"7":{"name":"(anonymous_7)","decl":{"start":{"line":29,"column":24},"end":{"line":29,"column":25}},"loc":{"start":{"line":30,"column":4},"end":{"line":30,"column":73}},"line":30},"8":{"name":"(anonymous_8)","decl":{"start":{"line":30,"column":41},"end":{"line":30,"column":42}},"loc":{"start":{"line":30,"column":53},"end":{"line":30,"column":71}},"line":30},"9":{"name":"(anonymous_9)","decl":{"start":{"line":32,"column":20},"end":{"line":32,"column":21}},"loc":{"start":{"line":32,"column":72},"end":{"line":35,"column":3}},"line":32},"10":{"name":"(anonymous_10)","decl":{"start":{"line":37,"column":23},"end":{"line":37,"column":24}},"loc":{"start":{"line":37,"column":43},"end":{"line":44,"column":3}},"line":37},"11":{"name":"(anonymous_11)","decl":{"start":{"line":46,"column":29},"end":{"line":46,"column":30}},"loc":{"start":{"line":47,"column":4},"end":{"line":63,"column":5}},"line":47},"12":{"name":"(anonymous_12)","decl":{"start":{"line":48,"column":10},"end":{"line":48,"column":11}},"loc":{"start":{"line":48,"column":16},"end":{"line":48,"column":60}},"line":48},"13":{"name":"(anonymous_13)","decl":{"start":{"line":49,"column":16},"end":{"line":49,"column":17}},"loc":{"start":{"line":50,"column":8},"end":{"line":61,"column":9}},"line":50},"14":{"name":"(anonymous_14)","decl":{"start":{"line":55,"column":14},"end":{"line":55,"column":15}},"loc":{"start":{"line":55,"column":32},"end":{"line":60,"column":11}},"line":55},"15":{"name":"(anonymous_15)","decl":{"start":{"line":65,"column":16},"end":{"line":65,"column":17}},"loc":{"start":{"line":65,"column":22},"end":{"line":70,"column":3}},"line":65},"16":{"name":"(anonymous_16)","decl":{"start":{"line":72,"column":25},"end":{"line":72,"column":26}},"loc":{"start":{"line":73,"column":4},"end":{"line":86,"column":5}},"line":73},"17":{"name":"(anonymous_17)","decl":{"start":{"line":79,"column":10},"end":{"line":79,"column":11}},"loc":{"start":{"line":79,"column":54},"end":{"line":85,"column":7}},"line":79},"18":{"name":"(anonymous_18)","decl":{"start":{"line":89,"column":22},"end":{"line":89,"column":23}},"loc":{"start":{"line":89,"column":28},"end":{"line":91,"column":1}},"line":89}},"branchMap":{"0":{"loc":{"start":{"line":20,"column":51},"end":{"line":20,"column":58}},"type":"binary-expr","locations":[{"start":{"line":20,"column":51},"end":{"line":20,"column":52}},{"start":{"line":20,"column":56},"end":{"line":20,"column":58}}],"line":20},"1":{"loc":{"start":{"line":33,"column":4},"end":{"line":33,"column":42}},"type":"if","locations":[{"start":{"line":33,"column":4},"end":{"line":33,"column":42}},{"start":{"line":33,"column":4},"end":{"line":33,"column":42}}],"line":33},"2":{"loc":{"start":{"line":34,"column":4},"end":{"line":34,"column":69}},"type":"if","locations":[{"start":{"line":34,"column":4},"end":{"line":34,"column":69}},{"start":{"line":34,"column":4},"end":{"line":34,"column":69}}],"line":34},"3":{"loc":{"start":{"line":37,"column":24},"end":{"line":37,"column":38}},"type":"default-arg","locations":[{"start":{"line":37,"column":36},"end":{"line":37,"column":38}}],"line":37},"4":{"loc":{"start":{"line":40,"column":18},"end":{"line":40,"column":46}},"type":"binary-expr","locations":[{"start":{"line":40,"column":19},"end":{"line":40,"column":25}},{"start":{"line":40,"column":29},"end":{"line":40,"column":39}},{"start":{"line":40,"column":44},"end":{"line":40,"column":46}}],"line":40},"5":{"loc":{"start":{"line":41,"column":19},"end":{"line":41,"column":48}},"type":"binary-expr","locations":[{"start":{"line":41,"column":20},"end":{"line":41,"column":26}},{"start":{"line":41,"column":30},"end":{"line":41,"column":41}},{"start":{"line":41,"column":46},"end":{"line":41,"column":48}}],"line":41},"6":{"loc":{"start":{"line":42,"column":18},"end":{"line":42,"column":62}},"type":"binary-expr","locations":[{"start":{"line":42,"column":19},"end":{"line":42,"column":25}},{"start":{"line":42,"column":29},"end":{"line":42,"column":55}},{"start":{"line":42,"column":60},"end":{"line":42,"column":62}}],"line":42},"7":{"loc":{"start":{"line":58,"column":14},"end":{"line":58,"column":56}},"type":"binary-expr","locations":[{"start":{"line":58,"column":14},"end":{"line":58,"column":50}},{"start":{"line":58,"column":54},"end":{"line":58,"column":56}}],"line":58}},"s":{"0":0,"1":0,"2":0,"3":0,"4":0,"5":0,"6":0,"7":0,"8":0,"9":0,"10":0,"11":0,"12":0,"13":0,"14":0,"15":0,"16":0,"17":0,"18":0,"19":0,"20":0,"21":0,"22":0,"23":0,"24":0,"25":0,"26":0,"27":0,"28":0,"29":0,"30":0,"31":0,"32":0,"33":0,"34":0,"35":0,"36":0,"37":0,"38":0,"39":0,"40":0,"41":0,"42":0,"43":0,"44":0,"45":0},"f":{"0":0,"1":0,"2":0,"3":0,"4":0,"5":0,"6":0,"7":0,"8":0,"9":0,"10":0,"11":0,"12":0,"13":0,"14":0,"15":0,"16":0,"17":0,"18":0},"b":{"0":[0,0],"1":[0,0],"2":[0,0],"3":[0],"4":[0,0,0],"5":[0,0,0],"6":[0,0,0],"7":[0,0]},"hash":"41040dd084fb24d4aad11a4228ac258dae78287c"}
,"C:\\Users\\kino6052\\Documents\\Repos\\mediawiki-test\\misc\\tdd-react-form\\src\\init.service.ts": {"path":"C:\\Users\\kino6052\\Documents\\Repos\\mediawiki-test\\misc\\tdd-react-form\\src\\init.service.ts","statementMap":{"0":{"start":{"line":3,"column":27},"end":{"line":3,"column":40}}},"fnMap":{},"branchMap":{},"s":{"0":2},"f":{},"b":{},"_coverageSchema":"43e27e138ebf9cfc5966b082cf9a028302ed4184","hash":"69adb16765190b366a388fbe7c76cc7c154ca8a6"}
,"C:\\Users\\kino6052\\Documents\\Repos\\mediawiki-test\\misc\\tdd-react-form\\src\\state.service.ts": {"path":"C:\\Users\\kino6052\\Documents\\Repos\\mediawiki-test\\misc\\tdd-react-form\\src\\state.service.ts","statementMap":{"0":{"start":{"line":9,"column":28},"end":{"line":9,"column":61}},"1":{"start":{"line":11,"column":0},"end":{"line":15,"column":42}},"2":{"start":{"line":15,"column":20},"end":{"line":15,"column":40}},"3":{"start":{"line":17,"column":23},"end":{"line":27,"column":1}},"4":{"start":{"line":18,"column":12},"end":{"line":25,"column":3}},"5":{"start":{"line":19,"column":4},"end":{"line":24,"column":5}},"6":{"start":{"line":20,"column":24},"end":{"line":20,"column":49}},"7":{"start":{"line":23,"column":16},"end":{"line":23,"column":72}},"8":{"start":{"line":26,"column":2},"end":{"line":26,"column":11}},"9":{"start":{"line":29,"column":29},"end":{"line":42,"column":3}},"10":{"start":{"line":30,"column":2},"end":{"line":42,"column":3}},"11":{"start":{"line":31,"column":23},"end":{"line":31,"column":38}},"12":{"start":{"line":32,"column":20},"end":{"line":32,"column":63}},"13":{"start":{"line":34,"column":6},"end":{"line":40,"column":7}},"14":{"start":{"line":36,"column":10},"end":{"line":36,"column":67}},"15":{"start":{"line":36,"column":45},"end":{"line":36,"column":66}},"16":{"start":{"line":38,"column":19},"end":{"line":38,"column":48}},"17":{"start":{"line":44,"column":0},"end":{"line":46,"column":3}},"18":{"start":{"line":45,"column":2},"end":{"line":45,"column":30}}},"fnMap":{"0":{"name":"(anonymous_0)","decl":{"start":{"line":15,"column":13},"end":{"line":15,"column":14}},"loc":{"start":{"line":15,"column":20},"end":{"line":15,"column":40}},"line":15},"1":{"name":"(anonymous_1)","decl":{"start":{"line":17,"column":23},"end":{"line":17,"column":24}},"loc":{"start":{"line":17,"column":29},"end":{"line":27,"column":1}},"line":17},"2":{"name":"(anonymous_2)","decl":{"start":{"line":18,"column":40},"end":{"line":18,"column":41}},"loc":{"start":{"line":19,"column":4},"end":{"line":24,"column":5}},"line":19},"3":{"name":"(anonymous_3)","decl":{"start":{"line":20,"column":13},"end":{"line":20,"column":14}},"loc":{"start":{"line":20,"column":24},"end":{"line":20,"column":49}},"line":20},"4":{"name":"(anonymous_4)","decl":{"start":{"line":23,"column":10},"end":{"line":23,"column":11}},"loc":{"start":{"line":23,"column":16},"end":{"line":23,"column":72}},"line":23},"5":{"name":"(anonymous_5)","decl":{"start":{"line":29,"column":29},"end":{"line":29,"column":30}},"loc":{"start":{"line":30,"column":2},"end":{"line":42,"column":3}},"line":30},"6":{"name":"(anonymous_6)","decl":{"start":{"line":31,"column":11},"end":{"line":31,"column":12}},"loc":{"start":{"line":31,"column":23},"end":{"line":31,"column":38}},"line":31},"7":{"name":"(anonymous_7)","decl":{"start":{"line":32,"column":14},"end":{"line":32,"column":15}},"loc":{"start":{"line":32,"column":20},"end":{"line":32,"column":63}},"line":32},"8":{"name":"(anonymous_8)","decl":{"start":{"line":33,"column":14},"end":{"line":33,"column":15}},"loc":{"start":{"line":34,"column":6},"end":{"line":40,"column":7}},"line":34},"9":{"name":"(anonymous_9)","decl":{"start":{"line":35,"column":15},"end":{"line":35,"column":16}},"loc":{"start":{"line":36,"column":10},"end":{"line":36,"column":67}},"line":36},"10":{"name":"(anonymous_10)","decl":{"start":{"line":36,"column":18},"end":{"line":36,"column":19}},"loc":{"start":{"line":36,"column":45},"end":{"line":36,"column":66}},"line":36},"11":{"name":"(anonymous_11)","decl":{"start":{"line":38,"column":12},"end":{"line":38,"column":13}},"loc":{"start":{"line":38,"column":19},"end":{"line":38,"column":48}},"line":38},"12":{"name":"(anonymous_12)","decl":{"start":{"line":44,"column":22},"end":{"line":44,"column":23}},"loc":{"start":{"line":44,"column":28},"end":{"line":46,"column":1}},"line":44}},"branchMap":{"0":{"loc":{"start":{"line":36,"column":45},"end":{"line":36,"column":66}},"type":"binary-expr","locations":[{"start":{"line":36,"column":45},"end":{"line":36,"column":56}},{"start":{"line":36,"column":60},"end":{"line":36,"column":66}}],"line":36}},"s":{"0":0,"1":0,"2":0,"3":0,"4":0,"5":0,"6":0,"7":0,"8":0,"9":0,"10":0,"11":0,"12":0,"13":0,"14":0,"15":0,"16":0,"17":0,"18":0},"f":{"0":0,"1":0,"2":0,"3":0,"4":0,"5":0,"6":0,"7":0,"8":0,"9":0,"10":0,"11":0,"12":0},"b":{"0":[0,0]},"hash":"feccf460ddefa69098130370905950392acd8be5"}
}
